# JRE version: OpenJDK Runtime Environment (11.0.10) (build 11.0.10+0-b96-7249189)
# Java VM: OpenJDK 64-Bit Server VM (11.0.10+0-b96-7249189, mixed mode, tiered, compressed oops, g1 gc, windows-amd64)
Heap:
 garbage-first heap   total 187392K, used 113326K [0x0000000080000000, 0x0000000100000000)
  region size 1024K, 32 young (32768K), 3 survivors (3072K)
 Metaspace       used 83707K, capacity 85800K, committed 86144K, reserved 1124352K
  class space    used 10765K, capacity 11536K, committed 11648K, reserved 1048576K
GC Heap History (20 events):
Event: 10.077 GC heap before
{Heap before GC invocations=11 (full 0):
 garbage-first heap   total 155648K, used 106757K [0x0000000080000000, 0x0000000100000000)
  region size 1024K, 73 young (74752K), 9 survivors (9216K)
 Metaspace       used 56326K, capacity 57735K, committed 57856K, reserved 1099776K
  class space    used 7158K, capacity 7678K, committed 7680K, reserved 1048576K
}
Event: 10.085 GC heap after
{Heap after GC invocations=12 (full 0):
 garbage-first heap   total 155648K, used 44722K [0x0000000080000000, 0x0000000100000000)
  region size 1024K, 3 young (3072K), 3 survivors (3072K)
 Metaspace       used 56326K, capacity 57735K, committed 57856K, reserved 1099776K
  class space    used 7158K, capacity 7678K, committed 7680K, reserved 1048576K
}
Event: 10.909 GC heap before
{Heap before GC invocations=12 (full 0):
 garbage-first heap   total 155648K, used 54962K [0x0000000080000000, 0x0000000100000000)
  region size 1024K, 14 young (14336K), 3 survivors (3072K)
 Metaspace       used 58496K, capacity 60072K, committed 60160K, reserved 1101824K
  class space    used 7420K, capacity 7988K, committed 8064K, reserved 1048576K
}
Event: 10.921 GC heap after
{Heap after GC invocations=13 (full 0):
 garbage-first heap   total 155648K, used 45684K [0x0000000080000000, 0x0000000100000000)
  region size 1024K, 4 young (4096K), 4 survivors (4096K)
 Metaspace       used 58496K, capacity 60072K, committed 60160K, reserved 1101824K
  class space    used 7420K, capacity 7988K, committed 8064K, reserved 1048576K
}
Event: 12.439 GC heap before
{Heap before GC invocations=14 (full 0):
 garbage-first heap   total 155648K, used 104052K [0x0000000080000000, 0x0000000100000000)
  region size 1024K, 61 young (62464K), 4 survivors (4096K)
 Metaspace       used 63182K, capacity 64726K, committed 64896K, reserved 1105920K
  class space    used 8032K, capacity 8565K, committed 8576K, reserved 1048576K
}
Event: 12.447 GC heap after
{Heap after GC invocations=15 (full 0):
 garbage-first heap   total 155648K, used 50063K [0x0000000080000000, 0x0000000100000000)
  region size 1024K, 8 young (8192K), 8 survivors (8192K)
 Metaspace       used 63182K, capacity 64726K, committed 64896K, reserved 1105920K
  class space    used 8032K, capacity 8565K, committed 8576K, reserved 1048576K
}
Event: 13.190 GC heap before
{Heap before GC invocations=15 (full 0):
 garbage-first heap   total 155648K, used 108431K [0x0000000080000000, 0x0000000100000000)
  region size 1024K, 65 young (66560K), 8 survivors (8192K)
 Metaspace       used 67832K, capacity 69436K, committed 69632K, reserved 1110016K
  class space    used 8776K, capacity 9385K, committed 9472K, reserved 1048576K
}
Event: 13.201 GC heap after
{Heap after GC invocations=16 (full 0):
 garbage-first heap   total 155648K, used 54098K [0x0000000080000000, 0x0000000100000000)
  region size 1024K, 5 young (5120K), 5 survivors (5120K)
 Metaspace       used 67832K, capacity 69436K, committed 69632K, reserved 1110016K
  class space    used 8776K, capacity 9385K, committed 9472K, reserved 1048576K
}
Event: 14.148 GC heap before
{Heap before GC invocations=16 (full 0):
 garbage-first heap   total 155648K, used 112466K [0x0000000080000000, 0x0000000100000000)
  region size 1024K, 62 young (63488K), 5 survivors (5120K)
 Metaspace       used 72977K, capacity 74742K, committed 75008K, reserved 1114112K
  class space    used 9534K, capacity 10178K, committed 10240K, reserved 1048576K
}
Event: 14.155 GC heap after
{Heap after GC invocations=17 (full 0):
 garbage-first heap   total 155648K, used 57223K [0x0000000080000000, 0x0000000100000000)
  region size 1024K, 8 young (8192K), 8 survivors (8192K)
 Metaspace       used 72977K, capacity 74742K, committed 75008K, reserved 1114112K
  class space    used 9534K, capacity 10178K, committed 10240K, reserved 1048576K
}
Event: 15.457 GC heap before
{Heap before GC invocations=17 (full 0):
 garbage-first heap   total 155648K, used 115591K [0x0000000080000000, 0x0000000100000000)
  region size 1024K, 65 young (66560K), 8 survivors (8192K)
 Metaspace       used 78345K, capacity 80434K, committed 80512K, reserved 1118208K
  class space    used 10300K, capacity 11063K, committed 11136K, reserved 1048576K
}
Event: 15.475 GC heap after
{Heap after GC invocations=18 (full 0):
 garbage-first heap   total 155648K, used 61686K [0x0000000080000000, 0x0000000100000000)
  region size 1024K, 8 young (8192K), 8 survivors (8192K)
 Metaspace       used 78345K, capacity 80434K, committed 80512K, reserved 1118208K
  class space    used 10300K, capacity 11063K, committed 11136K, reserved 1048576K
}
Event: 16.651 GC heap before
{Heap before GC invocations=18 (full 0):
 garbage-first heap   total 155648K, used 120054K [0x0000000080000000, 0x0000000100000000)
  region size 1024K, 64 young (65536K), 8 survivors (8192K)
 Metaspace       used 80244K, capacity 82303K, committed 82432K, reserved 1120256K
  class space    used 10463K, capacity 11206K, committed 11264K, reserved 1048576K
}
Event: 16.668 GC heap after
{Heap after GC invocations=19 (full 0):
 garbage-first heap   total 155648K, used 70956K [0x0000000080000000, 0x0000000100000000)
  region size 1024K, 8 young (8192K), 8 survivors (8192K)
 Metaspace       used 80244K, capacity 82303K, committed 82432K, reserved 1120256K
  class space    used 10463K, capacity 11206K, committed 11264K, reserved 1048576K
}
Event: 18.254 GC heap before
{Heap before GC invocations=19 (full 0):
 garbage-first heap   total 155648K, used 119084K [0x0000000080000000, 0x0000000100000000)
  region size 1024K, 55 young (56320K), 8 survivors (8192K)
 Metaspace       used 80796K, capacity 82889K, committed 83072K, reserved 1120256K
  class space    used 10518K, capacity 11273K, committed 11392K, reserved 1048576K
}
Event: 18.269 GC heap after
{Heap after GC invocations=20 (full 0):
 garbage-first heap   total 187392K, used 79214K [0x0000000080000000, 0x0000000100000000)
  region size 1024K, 7 young (7168K), 7 survivors (7168K)
 Metaspace       used 80796K, capacity 82889K, committed 83072K, reserved 1120256K
  class space    used 10518K, capacity 11273K, committed 11392K, reserved 1048576K
}
Event: 18.492 GC heap before
{Heap before GC invocations=20 (full 0):
 garbage-first heap   total 187392K, used 98670K [0x0000000080000000, 0x0000000100000000)
  region size 1024K, 18 young (18432K), 7 survivors (7168K)
 Metaspace       used 80864K, capacity 82889K, committed 83072K, reserved 1120256K
  class space    used 10519K, capacity 11273K, committed 11392K, reserved 1048576K
}
Event: 18.505 GC heap after
{Heap after GC invocations=21 (full 0):
 garbage-first heap   total 187392K, used 91319K [0x0000000080000000, 0x0000000100000000)
  region size 1024K, 8 young (8192K), 8 survivors (8192K)
 Metaspace       used 80864K, capacity 82889K, committed 83072K, reserved 1120256K
  class space    used 10519K, capacity 11273K, committed 11392K, reserved 1048576K
}
Event: 19.285 GC heap before
{Heap before GC invocations=22 (full 0):
 garbage-first heap   total 187392K, used 131255K [0x0000000080000000, 0x0000000100000000)
  region size 1024K, 42 young (43008K), 8 survivors (8192K)
 Metaspace       used 83094K, capacity 85175K, committed 85248K, reserved 1122304K
  class space    used 10704K, capacity 11454K, committed 11520K, reserved 1048576K
}
Event: 19.295 GC heap after
{Heap after GC invocations=23 (full 0):
 garbage-first heap   total 187392K, used 85678K [0x0000000080000000, 0x0000000100000000)
  region size 1024K, 3 young (3072K), 3 survivors (3072K)
 Metaspace       used 83094K, capacity 85175K, committed 85248K, reserved 1122304K
  class space    used 10704K, capacity 11454K, committed 11520K, reserved 1048576K
}

